{"/Users/abhsharm3/ssr-react-router-node-app/app/components/App.js": {"path":"/Users/abhsharm3/ssr-react-router-node-app/app/components/App.js","statementMap":{"0":{"start":{"line":13,"column":33},"end":{"line":13,"column":38}},"1":{"start":{"line":15,"column":4},"end":{"line":23,"column":5}},"2":{"start":{"line":19,"column":53},"end":{"line":19,"column":82}},"3":{"start":{"line":20,"column":71},"end":{"line":20,"column":133}}},"fnMap":{"0":{"name":"app","decl":{"start":{"line":12,"column":24},"end":{"line":12,"column":27}},"loc":{"start":{"line":12,"column":35},"end":{"line":24,"column":1}},"line":12},"1":{"name":"(anonymous_1)","decl":{"start":{"line":19,"column":46},"end":{"line":19,"column":47}},"loc":{"start":{"line":19,"column":53},"end":{"line":19,"column":82}},"line":19},"2":{"name":"(anonymous_2)","decl":{"start":{"line":20,"column":57},"end":{"line":20,"column":58}},"loc":{"start":{"line":20,"column":71},"end":{"line":20,"column":133}},"line":20}},"branchMap":{},"s":{"0":1,"1":1,"2":0,"3":0},"f":{"0":1,"1":0,"2":0},"b":{},"_coverageSchema":"332fd63041d2c1bcb487cc26dd0d5f7d97098a6c","hash":"42d4f01ace68fbb88b58f983c0f1c57232213dc4"}
,"/Users/abhsharm3/ssr-react-router-node-app/app/components/Home.js": {"path":"/Users/abhsharm3/ssr-react-router-node-app/app/components/Home.js","statementMap":{"0":{"start":{"line":4,"column":4},"end":{"line":4,"column":49}}},"fnMap":{"0":{"name":"Home","decl":{"start":{"line":3,"column":24},"end":{"line":3,"column":28}},"loc":{"start":{"line":3,"column":31},"end":{"line":5,"column":1}},"line":3}},"branchMap":{},"s":{"0":0},"f":{"0":0},"b":{},"_coverageSchema":"332fd63041d2c1bcb487cc26dd0d5f7d97098a6c","hash":"7b0afc53ea20951bd9fb22431494d27840dddbe6"}
,"/Users/abhsharm3/ssr-react-router-node-app/app/components/SliderCarousel.js": {"path":"/Users/abhsharm3/ssr-react-router-node-app/app/components/SliderCarousel.js","statementMap":{"0":{"start":{"line":7,"column":8},"end":{"line":7,"column":20}},"1":{"start":{"line":8,"column":8},"end":{"line":10,"column":10}},"2":{"start":{"line":11,"column":8},"end":{"line":11,"column":41}},"3":{"start":{"line":12,"column":8},"end":{"line":12,"column":41}},"4":{"start":{"line":16,"column":8},"end":{"line":18,"column":11}},"5":{"start":{"line":19,"column":21},"end":{"line":19,"column":39}},"6":{"start":{"line":20,"column":8},"end":{"line":20,"column":66}},"7":{"start":{"line":21,"column":8},"end":{"line":21,"column":44}},"8":{"start":{"line":22,"column":8},"end":{"line":22,"column":124}},"9":{"start":{"line":23,"column":8},"end":{"line":23,"column":67}},"10":{"start":{"line":27,"column":8},"end":{"line":27,"column":111}},"11":{"start":{"line":28,"column":8},"end":{"line":28,"column":44}},"12":{"start":{"line":30,"column":8},"end":{"line":30,"column":59}},"13":{"start":{"line":45,"column":20},"end":{"line":51,"column":5}},"14":{"start":{"line":46,"column":5},"end":{"line":49,"column":14}},"15":{"start":{"line":46,"column":71},"end":{"line":46,"column":97}},"16":{"start":{"line":52,"column":26},"end":{"line":52,"column":46}},"17":{"start":{"line":54,"column":4},"end":{"line":54,"column":31}},"18":{"start":{"line":57,"column":4},"end":{"line":71,"column":5}},"19":{"start":{"line":61,"column":76},"end":{"line":61,"column":104}}},"fnMap":{"0":{"name":"(anonymous_0)","decl":{"start":{"line":6,"column":4},"end":{"line":6,"column":5}},"loc":{"start":{"line":6,"column":23},"end":{"line":13,"column":5}},"line":6},"1":{"name":"(anonymous_1)","decl":{"start":{"line":15,"column":4},"end":{"line":15,"column":5}},"loc":{"start":{"line":15,"column":11},"end":{"line":24,"column":5}},"line":15},"2":{"name":"(anonymous_2)","decl":{"start":{"line":26,"column":4},"end":{"line":26,"column":5}},"loc":{"start":{"line":26,"column":11},"end":{"line":31,"column":5}},"line":26},"3":{"name":"(anonymous_3)","decl":{"start":{"line":33,"column":4},"end":{"line":33,"column":5}},"loc":{"start":{"line":33,"column":25},"end":{"line":40,"column":7}},"line":33},"4":{"name":"(anonymous_4)","decl":{"start":{"line":42,"column":4},"end":{"line":42,"column":5}},"loc":{"start":{"line":42,"column":13},"end":{"line":72,"column":1}},"line":42},"5":{"name":"(anonymous_5)","decl":{"start":{"line":45,"column":56},"end":{"line":45,"column":57}},"loc":{"start":{"line":46,"column":5},"end":{"line":49,"column":14}},"line":46},"6":{"name":"(anonymous_6)","decl":{"start":{"line":46,"column":56},"end":{"line":46,"column":57}},"loc":{"start":{"line":46,"column":71},"end":{"line":46,"column":97}},"line":46},"7":{"name":"(anonymous_7)","decl":{"start":{"line":61,"column":60},"end":{"line":61,"column":61}},"loc":{"start":{"line":61,"column":76},"end":{"line":61,"column":104}},"line":61}},"branchMap":{},"s":{"0":1,"1":1,"2":1,"3":1,"4":0,"5":0,"6":0,"7":0,"8":0,"9":0,"10":0,"11":0,"12":0,"13":1,"14":2,"15":0,"16":1,"17":1,"18":1,"19":0},"f":{"0":1,"1":0,"2":0,"3":0,"4":1,"5":2,"6":0,"7":0},"b":{},"_coverageSchema":"332fd63041d2c1bcb487cc26dd0d5f7d97098a6c","hash":"506077963d9773a593da281664e1c6ba4e55e815"}
}
