TN:
SF:/Users/abhsharm3/ssr-react-router-node-app/app/components/App.js
FN:12,app
FN:19,(anonymous_1)
FN:20,(anonymous_2)
FNF:3
FNH:1
FNDA:1,app
FNDA:0,(anonymous_1)
FNDA:0,(anonymous_2)
DA:13,1
DA:15,1
DA:19,0
DA:20,0
LF:4
LH:2
BRF:0
BRH:0
end_of_record
TN:
SF:/Users/abhsharm3/ssr-react-router-node-app/app/components/Home.js
FN:3,Home
FNF:1
FNH:0
FNDA:0,Home
DA:4,0
LF:1
LH:0
BRF:0
BRH:0
end_of_record
TN:
SF:/Users/abhsharm3/ssr-react-router-node-app/app/components/SliderCarousel.js
FN:6,(anonymous_0)
FN:15,(anonymous_1)
FN:26,(anonymous_2)
FN:33,(anonymous_3)
FN:42,(anonymous_4)
FN:45,(anonymous_5)
FN:46,(anonymous_6)
FN:61,(anonymous_7)
FNF:8
FNH:3
FNDA:1,(anonymous_0)
FNDA:0,(anonymous_1)
FNDA:0,(anonymous_2)
FNDA:0,(anonymous_3)
FNDA:1,(anonymous_4)
FNDA:2,(anonymous_5)
FNDA:0,(anonymous_6)
FNDA:0,(anonymous_7)
DA:7,1
DA:8,1
DA:11,1
DA:12,1
DA:16,0
DA:19,0
DA:20,0
DA:21,0
DA:22,0
DA:23,0
DA:27,0
DA:28,0
DA:30,0
DA:45,1
DA:46,2
DA:52,1
DA:54,1
DA:57,1
DA:61,0
LF:19
LH:9
BRF:0
BRH:0
end_of_record
